<?xml version="1.0" encoding="UTF-8" ?>
<testsuite tests="4" failures="0" name="com.google.common.util.concurrent.ListenerCallQueueTest" time="0.274" errors="0" skipped="0">
  <properties>
[...]
</properties>
  <testcase classname="com.google.common.util.concurrent.ListenerCallQueueTest" name="testAddAndExecute" time="0.043"/>
  <testcase classname="com.google.common.util.concurrent.ListenerCallQueueTest" name="testAddAndExecute_withExceptions" time="0.073"/>
  <testcase classname="com.google.common.util.concurrent.ListenerCallQueueTest" name="testAddAndExecute_multithreaded" time="0.016"/>
  <testcase classname="com.google.common.util.concurrent.ListenerCallQueueTest" name="testAddAndExecute_multithreaded_withThrowingRunnable" time="0.011"/>
</testsuite>